{"/Users/sophia/Desktop/dev/getting-started-with-jest/src/filterByTerm.js": {"path":"/Users/sophia/Desktop/dev/getting-started-with-jest/src/filterByTerm.js","statementMap":{"0":{"start":{"line":2,"column":2},"end":{"line":2,"column":61}},"1":{"start":{"line":2,"column":19},"end":{"line":2,"column":61}},"2":{"start":{"line":3,"column":2},"end":{"line":3,"column":64}},"3":{"start":{"line":3,"column":24},"end":{"line":3,"column":64}},"4":{"start":{"line":4,"column":16},"end":{"line":4,"column":43}},"5":{"start":{"line":5,"column":2},"end":{"line":7,"column":5}},"6":{"start":{"line":6,"column":4},"end":{"line":6,"column":41}},"7":{"start":{"line":10,"column":0},"end":{"line":10,"column":30}}},"fnMap":{"0":{"name":"filterByTerm","decl":{"start":{"line":1,"column":9},"end":{"line":1,"column":21}},"loc":{"start":{"line":1,"column":44},"end":{"line":8,"column":1}},"line":1},"1":{"name":"(anonymous_1)","decl":{"start":{"line":5,"column":25},"end":{"line":5,"column":26}},"loc":{"start":{"line":5,"column":48},"end":{"line":7,"column":3}},"line":5}},"branchMap":{"0":{"loc":{"start":{"line":2,"column":2},"end":{"line":2,"column":61}},"type":"if","locations":[{"start":{"line":2,"column":2},"end":{"line":2,"column":61}},{"start":{"line":2,"column":2},"end":{"line":2,"column":61}}],"line":2},"1":{"loc":{"start":{"line":3,"column":2},"end":{"line":3,"column":64}},"type":"if","locations":[{"start":{"line":3,"column":2},"end":{"line":3,"column":64}},{"start":{"line":3,"column":2},"end":{"line":3,"column":64}}],"line":3}},"s":{"0":2,"1":0,"2":2,"3":0,"4":2,"5":2,"6":6,"7":1},"f":{"0":2,"1":6},"b":{"0":[0,2],"1":[0,2]},"_coverageSchema":"43e27e138ebf9cfc5966b082cf9a028302ed4184","hash":"9861ecfa38c14079da822d3a9dd24258b4b87f19"}
}
